
ff: parsing domain file
domain 'BLOCKSWORLD' defined
 ... done.
ff: parsing problem file
problem 'BW-RAND-40' defined
 ... done.



Cueing down from goal distance:   73 into depth [1][2]
                                  72            [1][2][3]
                                  71            [1]
                                  70            [1][2][3][4][5]
                                  69            [1][2][3][4][5][6][7]
                                  68            [1]
                                  67            [1]
                                  66            [1]
                                  65            [1][2][3][4][5][6]
                                  64            [1][2][3][4][5]
                                  63            [1]
                                  62            [1][2][3]
                                  61            [1]
                                  60            [1][2][3]
                                  59            [1]
                                  58            [1][2][3]
                                  57            [1]
                                  56            [1][2][3][4][5][6]